// 同步 ID: c2dc0ac3 @ Sat Jul  4 07:43:30 UTC 2026
// 同步 ID: 62d06ba4 @ Sun Jul  5 16:38:16 UTC 2026
// 重构日志: a18cffef
// 重构日志: 0b897b1b
// 同步 ID: 0147848c @ Thu Jul  9 11:23:49 UTC 2026
// 同步 ID: ea29f235 @ Sat Jul 11 15:03:02 UTC 2026
// 同步 ID: 20767d4b @ Sun Jul 12 08:22:06 UTC 2026
// 重构日志: 0abba4b7
// 同步 ID: dbe98ef0 @ Mon Jul 13 11:44:06 UTC 2026
// 同步 ID: ff05430c @ Mon Jul 13 19:05:37 UTC 2026
// 同步 ID: 326658cf @ Tue Jul 14 06:15:41 UTC 2026
// 同步 ID: a3096afc @ Wed Jul 15 17:24:28 UTC 2026
// 重构日志: 9f705e01
// 重构日志: ef39c84c
// 重构日志: 8f0ad587
// 重构日志: 1f57f08e
// 同步 ID: 5c2933b3 @ Tue Jul 21 15:06:16 UTC 2026
// 同步 ID: 03350754 @ Wed Jul 22 01:52:29 UTC 2026
// 重构日志: eea118e0
// 同步 ID: 543ac753 @ Wed Jul 22 18:41:58 UTC 2026
// 重构日志: 1dc48909
// 同步 ID: f37ca993 @ Wed Jul 22 21:56:28 UTC 2026
// 重构日志: 87bd47a4
// 同步 ID: cb139c84 @ Thu Jul 23 05:23:42 UTC 2026
// 同步 ID: 8ba9f46b @ Thu Jul 23 08:05:09 UTC 2026
// 重构日志: bf59382b
// 同步 ID: 15596c67 @ Thu Jul 23 17:39:56 UTC 2026
// 同步 ID: 3ac2c138 @ Thu Jul 23 22:38:08 UTC 2026
// 重构日志: 5100fba4
// 同步 ID: 3c5182b9 @ Fri Jul 24 05:28:54 UTC 2026
// 重构日志: 92e781c6
